[  0%] Built target std_msgs_generate_messages_py
[  0%] Built target geometry_msgs_generate_messages_py
[  0%] Built target can_msgs_generate_messages_py
[  0%] Built target nav_msgs_generate_messages_py
[  0%] Built target _fsd_common_msgs_generate_messages_check_deps_AsensingMessage
[  0%] Built target _fsd_common_msgs_generate_messages_check_deps_CarStateDt
[  0%] Built target _fsd_common_msgs_generate_messages_check_deps_Mission
[  0%] Built target _fsd_common_msgs_generate_messages_check_deps_ControlCommand
[  0%] Built target _fsd_common_msgs_generate_messages_check_deps_EchievMessage
[  0%] Built target _fsd_common_msgs_generate_messages_check_deps_Feedback
[  0%] Built target _fsd_common_msgs_generate_messages_check_deps_SkidpadGlobalCenterLine
[  0%] Built target _fsd_common_msgs_generate_messages_check_deps_Cone
[  0%] Built target _fsd_common_msgs_generate_messages_check_deps_CarState
[  0%] Built target _fsd_common_msgs_generate_messages_check_deps_Visualization
[  0%] Built target _fsd_common_msgs_generate_messages_check_deps_AsState
[  0%] Built target _fsd_common_msgs_generate_messages_check_deps_Map
[  0%] Built target _fsd_common_msgs_generate_messages_check_deps_TrajectoryPoint
[  0%] Built target _fsd_common_msgs_generate_messages_check_deps_ConeDetections
[  0%] Built target _fsd_common_msgs_generate_messages_check_deps_ResAndAmi
[  0%] Built target _fsd_common_msgs_generate_messages_check_deps_DecisionFlag
[  0%] Built target geometry_msgs_generate_messages_cpp
[  0%] Built target _fsd_common_msgs_generate_messages_check_deps_DrivingDynamics
[  0%] Built target std_msgs_generate_messages_cpp
[  0%] Built target can_msgs_generate_messages_cpp
[  0%] Built target geometry_msgs_generate_messages_eus
[  0%] Built target nav_msgs_generate_messages_eus
[  0%] Built target can_msgs_generate_messages_eus
[  0%] Built target nav_msgs_generate_messages_cpp
[  0%] Built target geometry_msgs_generate_messages_lisp
[  0%] Built target std_msgs_generate_messages_lisp
[  0%] Built target can_msgs_generate_messages_lisp
[  0%] Built target _fsd_common_msgs_generate_messages_check_deps_RemoteControlCommand
[  0%] Built target _fsd_common_msgs_generate_messages_check_deps_ConeDbscan
[  0%] Built target _fsd_common_msgs_generate_messages_check_deps_ConeDetectionsDbscan
[  0%] Built target std_msgs_generate_messages_nodejs
[  0%] Built target std_msgs_generate_messages_eus
[  0%] Built target nav_msgs_generate_messages_lisp
[  0%] Built target geometry_msgs_generate_messages_nodejs
[  0%] Built target can_msgs_generate_messages_nodejs
[  0%] Built target nav_msgs_generate_messages_nodejs
[  0%] Built target _fsd_common_msgs_generate_messages_check_deps_Time
[  0%] Built target _fsd_common_msgs_generate_messages_check_deps_YoloCone
[  0%] Built target _fsd_common_msgs_generate_messages_check_deps_InsDelta
[  0%] Built target _fsd_common_msgs_generate_messages_check_deps_YoloConeTrack
[  0%] Built target _fsd_common_msgs_generate_messages_check_deps_YoloConeDetections
[  0%] Built target _fsd_common_msgs_generate_messages_check_deps_YoloConeDetectionsTrack
[  0%] Built target _fsd_common_msgs_generate_messages_check_deps_CanFrames
[  3%] [34m[1mGenerating C++ code from fsd_common_msgs/Cone.msg[0m
[  3%] [34m[1mGenerating Lisp code from fsd_common_msgs/ConeDetections.msg[0m
[  3%] [34m[1mGenerating Lisp code from fsd_common_msgs/Cone.msg[0m
[  4%] [34m[1mGenerating Lisp code from fsd_common_msgs/Map.msg[0m
[  4%] [34m[1mGenerating Python from MSG fsd_common_msgs/ControlCommand[0m
[  6%] [34m[1mGenerating C++ code from fsd_common_msgs/ConeDetections.msg[0m
[  6%] [34m[1mGenerating EusLisp code from fsd_common_msgs/Map.msg[0m
[  6%] [34m[1mGenerating Lisp code from fsd_common_msgs/CarState.msg[0m
[  6%] [34m[1mGenerating Python from MSG fsd_common_msgs/CarState[0m
[  7%] [34m[1mGenerating Python from MSG fsd_common_msgs/Cone[0m
[ 10%] [34m[1mGenerating C++ code from fsd_common_msgs/Map.msg[0m
[ 10%] [34m[1mGenerating EusLisp code from fsd_common_msgs/Cone.msg[0m
[ 10%] [34m[1mGenerating C++ code from fsd_common_msgs/ControlCommand.msg[0m
[ 10%] [34m[1mGenerating EusLisp code from fsd_common_msgs/ConeDetections.msg[0m
[ 10%] [34m[1mGenerating Lisp code from fsd_common_msgs/ControlCommand.msg[0m
[ 10%] [34m[1mGenerating Python from MSG fsd_common_msgs/ConeDetections[0m
[ 10%] [34m[1mGenerating C++ code from fsd_common_msgs/CarState.msg[0m
[ 10%] [34m[1mGenerating Python from MSG fsd_common_msgs/Map[0m
[ 11%] [34m[1mGenerating Lisp code from fsd_common_msgs/CarStateDt.msg[0m
[ 12%] [34m[1mGenerating Javascript code from fsd_common_msgs/Cone.msg[0m
[ 12%] [34m[1mGenerating Python from MSG fsd_common_msgs/CarStateDt[0m
[ 12%] [34m[1mGenerating Python from MSG fsd_common_msgs/Mission[0m
[ 14%] [34m[1mGenerating Javascript code from fsd_common_msgs/ConeDetections.msg[0m
[ 17%] [34m[1mGenerating Python from MSG fsd_common_msgs/TrajectoryPoint[0m
[ 14%] [34m[1mGenerating Lisp code from fsd_common_msgs/Mission.msg[0m
[ 15%] [34m[1mGenerating EusLisp code from fsd_common_msgs/CarState.msg[0m
[ 18%] [34m[1mGenerating EusLisp code from fsd_common_msgs/ControlCommand.msg[0m
[ 19%] [34m[1mGenerating Lisp code from fsd_common_msgs/TrajectoryPoint.msg[0m
[ 20%] [34m[1mGenerating C++ code from fsd_common_msgs/CarStateDt.msg[0m
[ 20%] [34m[1mGenerating C++ code from fsd_common_msgs/Mission.msg[0m
[ 21%] [34m[1mGenerating C++ code from fsd_common_msgs/TrajectoryPoint.msg[0m
[ 22%] [34m[1mGenerating Python from MSG fsd_common_msgs/EchievMessage[0m
[ 22%] [34m[1mGenerating EusLisp code from fsd_common_msgs/CarStateDt.msg[0m
[ 23%] [34m[1mGenerating Python from MSG fsd_common_msgs/RemoteControlCommand[0m
[ 23%] [34m[1mGenerating Lisp code from fsd_common_msgs/EchievMessage.msg[0m
[ 24%] [34m[1mGenerating EusLisp code from fsd_common_msgs/Mission.msg[0m
[ 25%] [34m[1mGenerating Python from MSG fsd_common_msgs/AsensingMessage[0m
[ 25%] [34m[1mGenerating Python from MSG fsd_common_msgs/AsState[0m
[ 26%] [34m[1mGenerating Javascript code from fsd_common_msgs/Map.msg[0m
[ 26%] [34m[1mGenerating C++ code from fsd_common_msgs/EchievMessage.msg[0m
[ 27%] [34m[1mGenerating EusLisp code from fsd_common_msgs/TrajectoryPoint.msg[0m
[ 27%] [34m[1mGenerating EusLisp code from fsd_common_msgs/RemoteControlCommand.msg[0m
[ 28%] [34m[1mGenerating C++ code from fsd_common_msgs/RemoteControlCommand.msg[0m
[ 29%] [34m[1mGenerating EusLisp code from fsd_common_msgs/EchievMessage.msg[0m
[ 29%] [34m[1mGenerating EusLisp code from fsd_common_msgs/AsensingMessage.msg[0m
[ 30%] [34m[1mGenerating C++ code from fsd_common_msgs/AsensingMessage.msg[0m
[ 31%] [34m[1mGenerating Javascript code from fsd_common_msgs/ControlCommand.msg[0m
[ 32%] [34m[1mGenerating Lisp code from fsd_common_msgs/RemoteControlCommand.msg[0m
[ 32%] [34m[1mGenerating C++ code from fsd_common_msgs/AsState.msg[0m
[ 34%] [34m[1mGenerating EusLisp code from fsd_common_msgs/AsState.msg[0m
[ 35%] [34m[1mGenerating EusLisp code from fsd_common_msgs/ResAndAmi.msg[0m
[ 36%] [34m[1mGenerating Javascript code from fsd_common_msgs/CarState.msg[0m
[ 37%] [34m[1mGenerating Lisp code from fsd_common_msgs/AsensingMessage.msg[0m
[ 38%] [34m[1mGenerating Lisp code from fsd_common_msgs/AsState.msg[0m
[ 38%] [34m[1mGenerating EusLisp code from fsd_common_msgs/Feedback.msg[0m
[ 39%] [34m[1mGenerating Lisp code from fsd_common_msgs/ResAndAmi.msg[0m
[ 39%] [34m[1mGenerating EusLisp code from fsd_common_msgs/Time.msg[0m
[ 40%] [34m[1mGenerating Javascript code from fsd_common_msgs/CarStateDt.msg[0m
[ 41%] [34m[1mGenerating EusLisp code from fsd_common_msgs/Visualization.msg[0m
[ 41%] [34m[1mGenerating EusLisp code from fsd_common_msgs/DecisionFlag.msg[0m
[ 42%] [34m[1mGenerating Lisp code from fsd_common_msgs/Time.msg[0m
[ 44%] [34m[1mGenerating Python from MSG fsd_common_msgs/ResAndAmi[0m
[ 44%] [34m[1mGenerating C++ code from fsd_common_msgs/ResAndAmi.msg[0m
[ 45%] [34m[1mGenerating EusLisp code from fsd_common_msgs/DrivingDynamics.msg[0m
[ 46%] [34m[1mGenerating Javascript code from fsd_common_msgs/TrajectoryPoint.msg[0m
[ 46%] [34m[1mGenerating Python from MSG fsd_common_msgs/Time[0m
[ 47%] [34m[1mGenerating Javascript code from fsd_common_msgs/Mission.msg[0m
[ 48%] [34m[1mGenerating Lisp code from fsd_common_msgs/Feedback.msg[0m
[ 48%] [34m[1mGenerating Lisp code from fsd_common_msgs/Visualization.msg[0m
[ 50%] [34m[1mGenerating Lisp code from fsd_common_msgs/DecisionFlag.msg[0m
[ 50%] [34m[1mGenerating Python from MSG fsd_common_msgs/Feedback[0m
[ 51%] [34m[1mGenerating EusLisp code from fsd_common_msgs/CanFrames.msg[0m
[ 52%] [34m[1mGenerating Javascript code from fsd_common_msgs/EchievMessage.msg[0m
[ 53%] [34m[1mGenerating C++ code from fsd_common_msgs/Time.msg[0m
[ 54%] [34m[1mGenerating Lisp code from fsd_common_msgs/DrivingDynamics.msg[0m
[ 55%] [34m[1mGenerating Python from MSG fsd_common_msgs/Visualization[0m
[ 56%] [34m[1mGenerating EusLisp code from fsd_common_msgs/ConeDetectionsDbscan.msg[0m
[ 57%] [34m[1mGenerating EusLisp code from fsd_common_msgs/ConeDbscan.msg[0m
[ 58%] [34m[1mGenerating Lisp code from fsd_common_msgs/CanFrames.msg[0m
[ 58%] [34m[1mGenerating Javascript code from fsd_common_msgs/AsensingMessage.msg[0m
[ 58%] [34m[1mGenerating Javascript code from fsd_common_msgs/RemoteControlCommand.msg[0m
[ 58%] [34m[1mGenerating Python from MSG fsd_common_msgs/DecisionFlag[0m
[ 58%] [34m[1mGenerating EusLisp code from fsd_common_msgs/YoloCone.msg[0m
[ 60%] [34m[1mGenerating C++ code from fsd_common_msgs/Feedback.msg[0m
[ 60%] [34m[1mGenerating EusLisp code from fsd_common_msgs/YoloConeDetections.msg[0m
[ 61%] [34m[1mGenerating Lisp code from fsd_common_msgs/ConeDbscan.msg[0m
[ 61%] [34m[1mGenerating Lisp code from fsd_common_msgs/ConeDetectionsDbscan.msg[0m
[ 61%] [34m[1mGenerating C++ code from fsd_common_msgs/Visualization.msg[0m
[ 62%] [34m[1mGenerating Javascript code from fsd_common_msgs/AsState.msg[0m
[ 63%] [34m[1mGenerating Python from MSG fsd_common_msgs/DrivingDynamics[0m
[ 64%] [34m[1mGenerating Lisp code from fsd_common_msgs/YoloCone.msg[0m
[ 65%] [34m[1mGenerating Python from MSG fsd_common_msgs/CanFrames[0m
[ 67%] [34m[1mGenerating Javascript code from fsd_common_msgs/ResAndAmi.msg[0m
[ 68%] [34m[1mGenerating Python from MSG fsd_common_msgs/ConeDbscan[0m
[ 68%] [34m[1mGenerating EusLisp code from fsd_common_msgs/YoloConeTrack.msg[0m
[ 69%] [34m[1mGenerating Python from MSG fsd_common_msgs/ConeDetectionsDbscan[0m
[ 69%] [34m[1mGenerating Python from MSG fsd_common_msgs/YoloCone[0m
[ 70%] [34m[1mGenerating Javascript code from fsd_common_msgs/Time.msg[0m
[ 71%] [34m[1mGenerating Lisp code from fsd_common_msgs/YoloConeDetections.msg[0m
[ 72%] [34m[1mGenerating C++ code from fsd_common_msgs/DecisionFlag.msg[0m
[ 73%] [34m[1mGenerating EusLisp code from fsd_common_msgs/YoloConeDetectionsTrack.msg[0m
[ 74%] [34m[1mGenerating Javascript code from fsd_common_msgs/Feedback.msg[0m
[ 75%] [34m[1mGenerating C++ code from fsd_common_msgs/DrivingDynamics.msg[0m
[ 76%] [34m[1mGenerating Lisp code from fsd_common_msgs/YoloConeTrack.msg[0m
[ 77%] [34m[1mGenerating EusLisp code from fsd_common_msgs/InsDelta.msg[0m
[ 78%] [34m[1mGenerating Javascript code from fsd_common_msgs/Visualization.msg[0m
[ 78%] [34m[1mGenerating Lisp code from fsd_common_msgs/YoloConeDetectionsTrack.msg[0m
[ 80%] [34m[1mGenerating EusLisp code from fsd_common_msgs/SkidpadGlobalCenterLine.msg[0m
[ 80%] [34m[1mGenerating Javascript code from fsd_common_msgs/DecisionFlag.msg[0m
[ 81%] [34m[1mGenerating Lisp code from fsd_common_msgs/InsDelta.msg[0m
[ 82%] [34m[1mGenerating Python from MSG fsd_common_msgs/YoloConeDetections[0m
[ 82%] [34m[1mGenerating Python from MSG fsd_common_msgs/YoloConeTrack[0m
[ 84%] [34m[1mGenerating C++ code from fsd_common_msgs/CanFrames.msg[0m
[ 84%] [34m[1mGenerating Javascript code from fsd_common_msgs/DrivingDynamics.msg[0m
[ 84%] [34m[1mGenerating C++ code from fsd_common_msgs/ConeDbscan.msg[0m
[ 85%] [34m[1mGenerating Python from MSG fsd_common_msgs/YoloConeDetectionsTrack[0m
[ 86%] [34m[1mGenerating Javascript code from fsd_common_msgs/CanFrames.msg[0m
[ 86%] [34m[1mGenerating Lisp code from fsd_common_msgs/SkidpadGlobalCenterLine.msg[0m
[ 88%] [34m[1mGenerating EusLisp manifest code for fsd_common_msgs[0m
[ 88%] [34m[1mGenerating C++ code from fsd_common_msgs/ConeDetectionsDbscan.msg[0m
[ 89%] [34m[1mGenerating Javascript code from fsd_common_msgs/ConeDbscan.msg[0m
[ 90%] [34m[1mGenerating Python from MSG fsd_common_msgs/InsDelta[0m
[ 91%] [34m[1mGenerating C++ code from fsd_common_msgs/YoloCone.msg[0m
[ 92%] [34m[1mGenerating C++ code from fsd_common_msgs/YoloConeDetections.msg[0m
[ 92%] [34m[1mGenerating Javascript code from fsd_common_msgs/ConeDetectionsDbscan.msg[0m
[ 93%] [34m[1mGenerating Javascript code from fsd_common_msgs/YoloCone.msg[0m
[ 94%] [34m[1mGenerating C++ code from fsd_common_msgs/YoloConeTrack.msg[0m
[ 94%] Built target fsd_common_msgs_generate_messages_lisp
[ 95%] [34m[1mGenerating Python from MSG fsd_common_msgs/SkidpadGlobalCenterLine[0m
[ 95%] [34m[1mGenerating Javascript code from fsd_common_msgs/YoloConeTrack.msg[0m
[ 95%] [34m[1mGenerating Javascript code from fsd_common_msgs/YoloConeDetections.msg[0m
[ 96%] [34m[1mGenerating Javascript code from fsd_common_msgs/YoloConeDetectionsTrack.msg[0m
[ 96%] [34m[1mGenerating Javascript code from fsd_common_msgs/InsDelta.msg[0m
[ 97%] [34m[1mGenerating C++ code from fsd_common_msgs/InsDelta.msg[0m
[ 97%] [34m[1mGenerating C++ code from fsd_common_msgs/YoloConeDetectionsTrack.msg[0m
[ 97%] [34m[1mGenerating C++ code from fsd_common_msgs/SkidpadGlobalCenterLine.msg[0m
[ 98%] [34m[1mGenerating Javascript code from fsd_common_msgs/SkidpadGlobalCenterLine.msg[0m
[ 98%] Built target fsd_common_msgs_generate_messages_nodejs
[ 98%] Built target fsd_common_msgs_generate_messages_cpp
[100%] [34m[1mGenerating Python msg __init__.py for fsd_common_msgs[0m
[100%] Built target fsd_common_msgs_generate_messages_eus
[100%] Built target fsd_common_msgs_generate_messages_py
[100%] Built target fsd_common_msgs_generate_messages
