Symlinking /home/chenyueyi/hw_ros_ws/devel/share/gennodejs/ros/fsd_common_msgs/_index.js
Symlinking /home/chenyueyi/hw_ros_ws/devel/share/gennodejs/ros/fsd_common_msgs/msg/ConeDetectionsDbscan.js
Symlinking /home/chenyueyi/hw_ros_ws/devel/share/gennodejs/ros/fsd_common_msgs/msg/ResAndAmi.js
Symlinking /home/chenyueyi/hw_ros_ws/devel/share/gennodejs/ros/fsd_common_msgs/msg/AsState.js
Symlinking /home/chenyueyi/hw_ros_ws/devel/share/gennodejs/ros/fsd_common_msgs/msg/CarStateDt.js
Symlinking /home/chenyueyi/hw_ros_ws/devel/share/gennodejs/ros/fsd_common_msgs/msg/ControlCommand.js
Symlinking /home/chenyueyi/hw_ros_ws/devel/share/gennodejs/ros/fsd_common_msgs/msg/ConeDbscan.js
Symlinking /home/chenyueyi/hw_ros_ws/devel/share/gennodejs/ros/fsd_common_msgs/msg/Feedback.js
Symlinking /home/chenyueyi/hw_ros_ws/devel/share/gennodejs/ros/fsd_common_msgs/msg/YoloConeDetectionsTrack.js
Symlinking /home/chenyueyi/hw_ros_ws/devel/share/gennodejs/ros/fsd_common_msgs/msg/EchievMessage.js
Symlinking /home/chenyueyi/hw_ros_ws/devel/share/gennodejs/ros/fsd_common_msgs/msg/_index.js
Symlinking /home/chenyueyi/hw_ros_ws/devel/share/gennodejs/ros/fsd_common_msgs/msg/YoloCone.js
Symlinking /home/chenyueyi/hw_ros_ws/devel/share/gennodejs/ros/fsd_common_msgs/msg/Time.js
Symlinking /home/chenyueyi/hw_ros_ws/devel/share/gennodejs/ros/fsd_common_msgs/msg/ConeDetections.js
Symlinking /home/chenyueyi/hw_ros_ws/devel/share/gennodejs/ros/fsd_common_msgs/msg/InsDelta.js
Symlinking /home/chenyueyi/hw_ros_ws/devel/share/gennodejs/ros/fsd_common_msgs/msg/CanFrames.js
Symlinking /home/chenyueyi/hw_ros_ws/devel/share/gennodejs/ros/fsd_common_msgs/msg/SkidpadGlobalCenterLine.js
Symlinking /home/chenyueyi/hw_ros_ws/devel/share/gennodejs/ros/fsd_common_msgs/msg/Visualization.js
Symlinking /home/chenyueyi/hw_ros_ws/devel/share/gennodejs/ros/fsd_common_msgs/msg/YoloConeDetections.js
Symlinking /home/chenyueyi/hw_ros_ws/devel/share/gennodejs/ros/fsd_common_msgs/msg/DecisionFlag.js
Symlinking /home/chenyueyi/hw_ros_ws/devel/share/gennodejs/ros/fsd_common_msgs/msg/TrajectoryPoint.js
Symlinking /home/chenyueyi/hw_ros_ws/devel/share/gennodejs/ros/fsd_common_msgs/msg/DrivingDynamics.js
Symlinking /home/chenyueyi/hw_ros_ws/devel/share/gennodejs/ros/fsd_common_msgs/msg/Map.js
Symlinking /home/chenyueyi/hw_ros_ws/devel/share/gennodejs/ros/fsd_common_msgs/msg/CarState.js
Symlinking /home/chenyueyi/hw_ros_ws/devel/share/gennodejs/ros/fsd_common_msgs/msg/Mission.js
Symlinking /home/chenyueyi/hw_ros_ws/devel/share/gennodejs/ros/fsd_common_msgs/msg/AsensingMessage.js
Symlinking /home/chenyueyi/hw_ros_ws/devel/share/gennodejs/ros/fsd_common_msgs/msg/YoloConeTrack.js
Symlinking /home/chenyueyi/hw_ros_ws/devel/share/gennodejs/ros/fsd_common_msgs/msg/RemoteControlCommand.js
Symlinking /home/chenyueyi/hw_ros_ws/devel/share/gennodejs/ros/fsd_common_msgs/msg/Cone.js
Symlinking /home/chenyueyi/hw_ros_ws/devel/share/roseus/ros/fsd_common_msgs/manifest.l
Symlinking /home/chenyueyi/hw_ros_ws/devel/share/roseus/ros/fsd_common_msgs/msg/YoloConeDetectionsTrack.l
Symlinking /home/chenyueyi/hw_ros_ws/devel/share/roseus/ros/fsd_common_msgs/msg/Mission.l
Symlinking /home/chenyueyi/hw_ros_ws/devel/share/roseus/ros/fsd_common_msgs/msg/AsState.l
Symlinking /home/chenyueyi/hw_ros_ws/devel/share/roseus/ros/fsd_common_msgs/msg/Time.l
Symlinking /home/chenyueyi/hw_ros_ws/devel/share/roseus/ros/fsd_common_msgs/msg/Map.l
Symlinking /home/chenyueyi/hw_ros_ws/devel/share/roseus/ros/fsd_common_msgs/msg/Cone.l
Symlinking /home/chenyueyi/hw_ros_ws/devel/share/roseus/ros/fsd_common_msgs/msg/DecisionFlag.l
Symlinking /home/chenyueyi/hw_ros_ws/devel/share/roseus/ros/fsd_common_msgs/msg/RemoteControlCommand.l
Symlinking /home/chenyueyi/hw_ros_ws/devel/share/roseus/ros/fsd_common_msgs/msg/DrivingDynamics.l
Symlinking /home/chenyueyi/hw_ros_ws/devel/share/roseus/ros/fsd_common_msgs/msg/ConeDbscan.l
Symlinking /home/chenyueyi/hw_ros_ws/devel/share/roseus/ros/fsd_common_msgs/msg/SkidpadGlobalCenterLine.l
Symlinking /home/chenyueyi/hw_ros_ws/devel/share/roseus/ros/fsd_common_msgs/msg/CanFrames.l
Symlinking /home/chenyueyi/hw_ros_ws/devel/share/roseus/ros/fsd_common_msgs/msg/ConeDetectionsDbscan.l
Symlinking /home/chenyueyi/hw_ros_ws/devel/share/roseus/ros/fsd_common_msgs/msg/YoloConeDetections.l
Symlinking /home/chenyueyi/hw_ros_ws/devel/share/roseus/ros/fsd_common_msgs/msg/CarState.l
Symlinking /home/chenyueyi/hw_ros_ws/devel/share/roseus/ros/fsd_common_msgs/msg/ConeDetections.l
Symlinking /home/chenyueyi/hw_ros_ws/devel/share/roseus/ros/fsd_common_msgs/msg/Visualization.l
Symlinking /home/chenyueyi/hw_ros_ws/devel/share/roseus/ros/fsd_common_msgs/msg/YoloCone.l
Symlinking /home/chenyueyi/hw_ros_ws/devel/share/roseus/ros/fsd_common_msgs/msg/Feedback.l
Symlinking /home/chenyueyi/hw_ros_ws/devel/share/roseus/ros/fsd_common_msgs/msg/AsensingMessage.l
Symlinking /home/chenyueyi/hw_ros_ws/devel/share/roseus/ros/fsd_common_msgs/msg/YoloConeTrack.l
Symlinking /home/chenyueyi/hw_ros_ws/devel/share/roseus/ros/fsd_common_msgs/msg/EchievMessage.l
Symlinking /home/chenyueyi/hw_ros_ws/devel/share/roseus/ros/fsd_common_msgs/msg/ControlCommand.l
Symlinking /home/chenyueyi/hw_ros_ws/devel/share/roseus/ros/fsd_common_msgs/msg/CarStateDt.l
Symlinking /home/chenyueyi/hw_ros_ws/devel/share/roseus/ros/fsd_common_msgs/msg/InsDelta.l
Symlinking /home/chenyueyi/hw_ros_ws/devel/share/roseus/ros/fsd_common_msgs/msg/ResAndAmi.l
Symlinking /home/chenyueyi/hw_ros_ws/devel/share/roseus/ros/fsd_common_msgs/msg/TrajectoryPoint.l
Symlinking /home/chenyueyi/hw_ros_ws/devel/share/fsd_common_msgs/cmake/fsd_common_msgsConfig.cmake
Symlinking /home/chenyueyi/hw_ros_ws/devel/share/fsd_common_msgs/cmake/fsd_common_msgs-msg-extras.cmake
Symlinking /home/chenyueyi/hw_ros_ws/devel/share/fsd_common_msgs/cmake/fsd_common_msgs-msg-paths.cmake
Symlinking /home/chenyueyi/hw_ros_ws/devel/share/fsd_common_msgs/cmake/fsd_common_msgsConfig-version.cmake
Symlinking /home/chenyueyi/hw_ros_ws/devel/share/common-lisp/ros/fsd_common_msgs/msg/_package_DecisionFlag.lisp
Symlinking /home/chenyueyi/hw_ros_ws/devel/share/common-lisp/ros/fsd_common_msgs/msg/AsensingMessage.lisp
Symlinking /home/chenyueyi/hw_ros_ws/devel/share/common-lisp/ros/fsd_common_msgs/msg/_package_EchievMessage.lisp
Symlinking /home/chenyueyi/hw_ros_ws/devel/share/common-lisp/ros/fsd_common_msgs/msg/CarStateDt.lisp
Symlinking /home/chenyueyi/hw_ros_ws/devel/share/common-lisp/ros/fsd_common_msgs/msg/_package_AsState.lisp
Symlinking /home/chenyueyi/hw_ros_ws/devel/share/common-lisp/ros/fsd_common_msgs/msg/Time.lisp
Symlinking /home/chenyueyi/hw_ros_ws/devel/share/common-lisp/ros/fsd_common_msgs/msg/YoloCone.lisp
Symlinking /home/chenyueyi/hw_ros_ws/devel/share/common-lisp/ros/fsd_common_msgs/msg/_package_ControlCommand.lisp
Symlinking /home/chenyueyi/hw_ros_ws/devel/share/common-lisp/ros/fsd_common_msgs/msg/_package.lisp
Symlinking /home/chenyueyi/hw_ros_ws/devel/share/common-lisp/ros/fsd_common_msgs/msg/_package_Visualization.lisp
Symlinking /home/chenyueyi/hw_ros_ws/devel/share/common-lisp/ros/fsd_common_msgs/msg/_package_CarStateDt.lisp
Symlinking /home/chenyueyi/hw_ros_ws/devel/share/common-lisp/ros/fsd_common_msgs/msg/_package_YoloConeDetections.lisp
Symlinking /home/chenyueyi/hw_ros_ws/devel/share/common-lisp/ros/fsd_common_msgs/msg/YoloConeTrack.lisp
Symlinking /home/chenyueyi/hw_ros_ws/devel/share/common-lisp/ros/fsd_common_msgs/msg/_package_InsDelta.lisp
Symlinking /home/chenyueyi/hw_ros_ws/devel/share/common-lisp/ros/fsd_common_msgs/msg/Map.lisp
Symlinking /home/chenyueyi/hw_ros_ws/devel/share/common-lisp/ros/fsd_common_msgs/msg/DecisionFlag.lisp
Symlinking /home/chenyueyi/hw_ros_ws/devel/share/common-lisp/ros/fsd_common_msgs/msg/_package_TrajectoryPoint.lisp
Symlinking /home/chenyueyi/hw_ros_ws/devel/share/common-lisp/ros/fsd_common_msgs/msg/_package_YoloCone.lisp
Symlinking /home/chenyueyi/hw_ros_ws/devel/share/common-lisp/ros/fsd_common_msgs/msg/Feedback.lisp
Symlinking /home/chenyueyi/hw_ros_ws/devel/share/common-lisp/ros/fsd_common_msgs/msg/CanFrames.lisp
Symlinking /home/chenyueyi/hw_ros_ws/devel/share/common-lisp/ros/fsd_common_msgs/msg/AsState.lisp
Symlinking /home/chenyueyi/hw_ros_ws/devel/share/common-lisp/ros/fsd_common_msgs/msg/_package_ConeDetectionsDbscan.lisp
Symlinking /home/chenyueyi/hw_ros_ws/devel/share/common-lisp/ros/fsd_common_msgs/msg/YoloConeDetectionsTrack.lisp
Symlinking /home/chenyueyi/hw_ros_ws/devel/share/common-lisp/ros/fsd_common_msgs/msg/_package_ConeDbscan.lisp
Symlinking /home/chenyueyi/hw_ros_ws/devel/share/common-lisp/ros/fsd_common_msgs/msg/RemoteControlCommand.lisp
Symlinking /home/chenyueyi/hw_ros_ws/devel/share/common-lisp/ros/fsd_common_msgs/msg/_package_ResAndAmi.lisp
Symlinking /home/chenyueyi/hw_ros_ws/devel/share/common-lisp/ros/fsd_common_msgs/msg/_package_RemoteControlCommand.lisp
Symlinking /home/chenyueyi/hw_ros_ws/devel/share/common-lisp/ros/fsd_common_msgs/msg/SkidpadGlobalCenterLine.lisp
Symlinking /home/chenyueyi/hw_ros_ws/devel/share/common-lisp/ros/fsd_common_msgs/msg/ConeDetections.lisp
Symlinking /home/chenyueyi/hw_ros_ws/devel/share/common-lisp/ros/fsd_common_msgs/msg/_package_Feedback.lisp
Symlinking /home/chenyueyi/hw_ros_ws/devel/share/common-lisp/ros/fsd_common_msgs/msg/_package_SkidpadGlobalCenterLine.lisp
Symlinking /home/chenyueyi/hw_ros_ws/devel/share/common-lisp/ros/fsd_common_msgs/msg/TrajectoryPoint.lisp
Symlinking /home/chenyueyi/hw_ros_ws/devel/share/common-lisp/ros/fsd_common_msgs/msg/InsDelta.lisp
Symlinking /home/chenyueyi/hw_ros_ws/devel/share/common-lisp/ros/fsd_common_msgs/msg/Cone.lisp
Symlinking /home/chenyueyi/hw_ros_ws/devel/share/common-lisp/ros/fsd_common_msgs/msg/_package_YoloConeTrack.lisp
Symlinking /home/chenyueyi/hw_ros_ws/devel/share/common-lisp/ros/fsd_common_msgs/msg/_package_ConeDetections.lisp
Symlinking /home/chenyueyi/hw_ros_ws/devel/share/common-lisp/ros/fsd_common_msgs/msg/_package_CanFrames.lisp
Symlinking /home/chenyueyi/hw_ros_ws/devel/share/common-lisp/ros/fsd_common_msgs/msg/DrivingDynamics.lisp
Symlinking /home/chenyueyi/hw_ros_ws/devel/share/common-lisp/ros/fsd_common_msgs/msg/_package_AsensingMessage.lisp
Symlinking /home/chenyueyi/hw_ros_ws/devel/share/common-lisp/ros/fsd_common_msgs/msg/_package_YoloConeDetectionsTrack.lisp
Symlinking /home/chenyueyi/hw_ros_ws/devel/share/common-lisp/ros/fsd_common_msgs/msg/ConeDbscan.lisp
Symlinking /home/chenyueyi/hw_ros_ws/devel/share/common-lisp/ros/fsd_common_msgs/msg/EchievMessage.lisp
Symlinking /home/chenyueyi/hw_ros_ws/devel/share/common-lisp/ros/fsd_common_msgs/msg/_package_Map.lisp
Symlinking /home/chenyueyi/hw_ros_ws/devel/share/common-lisp/ros/fsd_common_msgs/msg/_package_CarState.lisp
Symlinking /home/chenyueyi/hw_ros_ws/devel/share/common-lisp/ros/fsd_common_msgs/msg/_package_Cone.lisp
Symlinking /home/chenyueyi/hw_ros_ws/devel/share/common-lisp/ros/fsd_common_msgs/msg/_package_DrivingDynamics.lisp
Symlinking /home/chenyueyi/hw_ros_ws/devel/share/common-lisp/ros/fsd_common_msgs/msg/YoloConeDetections.lisp
Symlinking /home/chenyueyi/hw_ros_ws/devel/share/common-lisp/ros/fsd_common_msgs/msg/Visualization.lisp
Symlinking /home/chenyueyi/hw_ros_ws/devel/share/common-lisp/ros/fsd_common_msgs/msg/_package_Mission.lisp
Symlinking /home/chenyueyi/hw_ros_ws/devel/share/common-lisp/ros/fsd_common_msgs/msg/fsd_common_msgs-msg.asd
Symlinking /home/chenyueyi/hw_ros_ws/devel/share/common-lisp/ros/fsd_common_msgs/msg/ControlCommand.lisp
Symlinking /home/chenyueyi/hw_ros_ws/devel/share/common-lisp/ros/fsd_common_msgs/msg/_package_Time.lisp
Symlinking /home/chenyueyi/hw_ros_ws/devel/share/common-lisp/ros/fsd_common_msgs/msg/ConeDetectionsDbscan.lisp
Symlinking /home/chenyueyi/hw_ros_ws/devel/share/common-lisp/ros/fsd_common_msgs/msg/Mission.lisp
Symlinking /home/chenyueyi/hw_ros_ws/devel/share/common-lisp/ros/fsd_common_msgs/msg/ResAndAmi.lisp
Symlinking /home/chenyueyi/hw_ros_ws/devel/share/common-lisp/ros/fsd_common_msgs/msg/CarState.lisp
Symlinking /home/chenyueyi/hw_ros_ws/devel/include/fsd_common_msgs/CarState.h
Symlinking /home/chenyueyi/hw_ros_ws/devel/include/fsd_common_msgs/ResAndAmi.h
Symlinking /home/chenyueyi/hw_ros_ws/devel/include/fsd_common_msgs/RemoteControlCommand.h
Symlinking /home/chenyueyi/hw_ros_ws/devel/include/fsd_common_msgs/ConeDetections.h
Symlinking /home/chenyueyi/hw_ros_ws/devel/include/fsd_common_msgs/EchievMessage.h
Symlinking /home/chenyueyi/hw_ros_ws/devel/include/fsd_common_msgs/DecisionFlag.h
Symlinking /home/chenyueyi/hw_ros_ws/devel/include/fsd_common_msgs/YoloConeDetectionsTrack.h
Symlinking /home/chenyueyi/hw_ros_ws/devel/include/fsd_common_msgs/ControlCommand.h
Symlinking /home/chenyueyi/hw_ros_ws/devel/include/fsd_common_msgs/ConeDetectionsDbscan.h
Symlinking /home/chenyueyi/hw_ros_ws/devel/include/fsd_common_msgs/Time.h
Symlinking /home/chenyueyi/hw_ros_ws/devel/include/fsd_common_msgs/Feedback.h
Symlinking /home/chenyueyi/hw_ros_ws/devel/include/fsd_common_msgs/YoloCone.h
Symlinking /home/chenyueyi/hw_ros_ws/devel/include/fsd_common_msgs/YoloConeTrack.h
Symlinking /home/chenyueyi/hw_ros_ws/devel/include/fsd_common_msgs/Mission.h
Symlinking /home/chenyueyi/hw_ros_ws/devel/include/fsd_common_msgs/Map.h
Symlinking /home/chenyueyi/hw_ros_ws/devel/include/fsd_common_msgs/CanFrames.h
Symlinking /home/chenyueyi/hw_ros_ws/devel/include/fsd_common_msgs/YoloConeDetections.h
Symlinking /home/chenyueyi/hw_ros_ws/devel/include/fsd_common_msgs/Cone.h
Symlinking /home/chenyueyi/hw_ros_ws/devel/include/fsd_common_msgs/Visualization.h
Symlinking /home/chenyueyi/hw_ros_ws/devel/include/fsd_common_msgs/AsensingMessage.h
Symlinking /home/chenyueyi/hw_ros_ws/devel/include/fsd_common_msgs/TrajectoryPoint.h
Symlinking /home/chenyueyi/hw_ros_ws/devel/include/fsd_common_msgs/AsState.h
Symlinking /home/chenyueyi/hw_ros_ws/devel/include/fsd_common_msgs/SkidpadGlobalCenterLine.h
Symlinking /home/chenyueyi/hw_ros_ws/devel/include/fsd_common_msgs/DrivingDynamics.h
Symlinking /home/chenyueyi/hw_ros_ws/devel/include/fsd_common_msgs/ConeDbscan.h
Symlinking /home/chenyueyi/hw_ros_ws/devel/include/fsd_common_msgs/InsDelta.h
Symlinking /home/chenyueyi/hw_ros_ws/devel/include/fsd_common_msgs/CarStateDt.h
Symlinking /home/chenyueyi/hw_ros_ws/devel/lib/pkgconfig/fsd_common_msgs.pc
Symlinking /home/chenyueyi/hw_ros_ws/devel/lib/python3/dist-packages/fsd_common_msgs/__init__.py
Symlinking /home/chenyueyi/hw_ros_ws/devel/lib/python3/dist-packages/fsd_common_msgs/msg/_Cone.py
Symlinking /home/chenyueyi/hw_ros_ws/devel/lib/python3/dist-packages/fsd_common_msgs/msg/_Map.py
Symlinking /home/chenyueyi/hw_ros_ws/devel/lib/python3/dist-packages/fsd_common_msgs/msg/__init__.py
Symlinking /home/chenyueyi/hw_ros_ws/devel/lib/python3/dist-packages/fsd_common_msgs/msg/_Feedback.py
Symlinking /home/chenyueyi/hw_ros_ws/devel/lib/python3/dist-packages/fsd_common_msgs/msg/_RemoteControlCommand.py
Symlinking /home/chenyueyi/hw_ros_ws/devel/lib/python3/dist-packages/fsd_common_msgs/msg/_YoloCone.py
Symlinking /home/chenyueyi/hw_ros_ws/devel/lib/python3/dist-packages/fsd_common_msgs/msg/_YoloConeDetections.py
Symlinking /home/chenyueyi/hw_ros_ws/devel/lib/python3/dist-packages/fsd_common_msgs/msg/_AsState.py
Symlinking /home/chenyueyi/hw_ros_ws/devel/lib/python3/dist-packages/fsd_common_msgs/msg/_YoloConeDetectionsTrack.py
Symlinking /home/chenyueyi/hw_ros_ws/devel/lib/python3/dist-packages/fsd_common_msgs/msg/_YoloConeTrack.py
Symlinking /home/chenyueyi/hw_ros_ws/devel/lib/python3/dist-packages/fsd_common_msgs/msg/_Mission.py
Symlinking /home/chenyueyi/hw_ros_ws/devel/lib/python3/dist-packages/fsd_common_msgs/msg/_ResAndAmi.py
Symlinking /home/chenyueyi/hw_ros_ws/devel/lib/python3/dist-packages/fsd_common_msgs/msg/_ConeDetections.py
Symlinking /home/chenyueyi/hw_ros_ws/devel/lib/python3/dist-packages/fsd_common_msgs/msg/_ConeDetectionsDbscan.py
Symlinking /home/chenyueyi/hw_ros_ws/devel/lib/python3/dist-packages/fsd_common_msgs/msg/_Time.py
Symlinking /home/chenyueyi/hw_ros_ws/devel/lib/python3/dist-packages/fsd_common_msgs/msg/_CanFrames.py
Symlinking /home/chenyueyi/hw_ros_ws/devel/lib/python3/dist-packages/fsd_common_msgs/msg/_CarStateDt.py
Symlinking /home/chenyueyi/hw_ros_ws/devel/lib/python3/dist-packages/fsd_common_msgs/msg/_InsDelta.py
Symlinking /home/chenyueyi/hw_ros_ws/devel/lib/python3/dist-packages/fsd_common_msgs/msg/_TrajectoryPoint.py
Symlinking /home/chenyueyi/hw_ros_ws/devel/lib/python3/dist-packages/fsd_common_msgs/msg/_SkidpadGlobalCenterLine.py
Symlinking /home/chenyueyi/hw_ros_ws/devel/lib/python3/dist-packages/fsd_common_msgs/msg/_CarState.py
Symlinking /home/chenyueyi/hw_ros_ws/devel/lib/python3/dist-packages/fsd_common_msgs/msg/_ControlCommand.py
Symlinking /home/chenyueyi/hw_ros_ws/devel/lib/python3/dist-packages/fsd_common_msgs/msg/_Visualization.py
Symlinking /home/chenyueyi/hw_ros_ws/devel/lib/python3/dist-packages/fsd_common_msgs/msg/_DecisionFlag.py
Symlinking /home/chenyueyi/hw_ros_ws/devel/lib/python3/dist-packages/fsd_common_msgs/msg/_EchievMessage.py
Symlinking /home/chenyueyi/hw_ros_ws/devel/lib/python3/dist-packages/fsd_common_msgs/msg/_AsensingMessage.py
Symlinking /home/chenyueyi/hw_ros_ws/devel/lib/python3/dist-packages/fsd_common_msgs/msg/_DrivingDynamics.py
Symlinking /home/chenyueyi/hw_ros_ws/devel/lib/python3/dist-packages/fsd_common_msgs/msg/_ConeDbscan.py
